#
# There is insufficient memory for the Java Runtime Environment to continue.
# Native memory allocation (mmap) failed to map 268435456 bytes for G1 virtual space
# Possible reasons:
#   The system is out of physical RAM or swap space
#   The process is running with CompressedOops enabled, and the Java Heap may be blocking the growth of the native heap
# Possible solutions:
#   Reduce memory load on the system
#   Increase physical memory or swap space
#   Check if swap backing store is full
#   Decrease Java heap size (-Xmx/-Xms)
#   Decrease number of Java threads
#   Decrease Java thread stack sizes (-Xss)
#   Set larger code cache with -XX:ReservedCodeCacheSize=
#   JVM is running with Zero Based Compressed Oops mode in which the Java heap is
#     placed in the first 32GB address space. The Java Heap base address is the
#     maximum limit for the native heap growth. Please use -XX:HeapBaseMinAddress
#     to set the Java Heap base and to place the Java Heap above 32GB virtual address.
# This output file may be truncated or incomplete.
#
#  Out of Memory Error (os_windows.cpp:3469), pid=4020, tid=6036
#
# JRE version:  (17.0.1+12) (build )
# Java VM: OpenJDK 64-Bit Server VM (17.0.1+12-39, mixed mode, sharing, tiered, compressed oops, compressed class ptrs, g1 gc, windows-amd64)
# No core dump will be written. Minidumps are not enabled by default on client versions of Windows
#

---------------  S U M M A R Y ------------

Command Line: org.jetbrains.kotlin.cli.jvm.K2JVMCompiler @C:\Users\adiio\AndroidStudioProjects\FirstTest\app\build\20211110_7145993218406163857.compiler.options

Host: AMD Ryzen 5 2600X Six-Core Processor           , 12 cores, 15G,  Windows 10 , 64 bit Build 19041 (10.0.19041.1202)
Time: Wed Nov 10 12:10:48 2021 GTB Standard Time elapsed time: 0.011413 seconds (0d 0h 0m 0s)

---------------  T H R E A D  ---------------

Current thread (0x000001e1b2bfc860):  JavaThread "Unknown thread" [_thread_in_vm, id=6036, stack(0x00000036cd700000,0x00000036cd800000)]

Stack: [0x00000036cd700000,0x00000036cd800000]
Native frames: (J=compiled Java code, j=interpreted, Vv=VM code, C=native code)
V  [jvm.dll+0x66fa1a]
V  [jvm.dll+0x7ce5a4]
V  [jvm.dll+0x7cfd4e]
V  [jvm.dll+0x7d03b3]
V  [jvm.dll+0x242b05]
V  [jvm.dll+0x66ca39]
V  [jvm.dll+0x661502]
V  [jvm.dll+0x30081b]
V  [jvm.dll+0x307da6]
V  [jvm.dll+0x357a1e]
V  [jvm.dll+0x357c4f]
V  [jvm.dll+0x2d7ad8]
V  [jvm.dll+0x2d8a44]
V  [jvm.dll+0x7a01e1]
V  [jvm.dll+0x365791]
V  [jvm.dll+0x77f6cc]
V  [jvm.dll+0x3e812f]
V  [jvm.dll+0x3e9bd1]
C  [jli.dll+0x527b]
C  [ucrtbase.dll+0x21bb2]
C  [KERNEL32.DLL+0x17034]
C  [ntdll.dll+0x52651]


---------------  P R O C E S S  ---------------

Threads class SMR info:
_java_thread_list=0x00007ff9eba57818, length=0, elements={
}

Java Threads: ( => current thread )

Other Threads:
  0x000001e1b2c4e260 GCTaskThread "GC Thread#0" [stack: 0x00000036cd800000,0x00000036cd900000] [id=17340]
  0x000001e1b2c5f0e0 ConcurrentGCThread "G1 Main Marker" [stack: 0x00000036cd900000,0x00000036cda00000] [id=17996]
  0x000001e1b2c616a0 ConcurrentGCThread "G1 Conc#0" [stack: 0x00000036cda00000,0x00000036cdb00000] [id=13600]

[error occurred during error reporting (printing all threads), id 0xc0000005, EXCEPTION_ACCESS_VIOLATION (0xc0000005) at pc=0x00007ff9eb2a84b7]

VM state: not at safepoint (not fully initialized)

VM Mutex/Monitor currently owned by a thread:  ([mutex/lock_event])
[0x000001e1b2bf8440] Heap_lock - owner thread: 0x000001e1b2bfc860

Heap address: 0x0000000700c00000, size: 4084 MB, Compressed Oops mode: Zero based, Oop shift amount: 3

CDS archive(s) mapped at: [0x0000000000000000-0x0000000000000000-0x0000000000000000), size 0, SharedBaseAddress: 0x0000000800000000, ArchiveRelocationMode: 0.
Narrow klass base: 0x0000000000000000, Narrow klass shift: 0, Narrow klass range: 0x0

GC Precious Log:
<Empty>

Heap:
 garbage-first heap   total 0K, used 0K [0x0000000700c00000, 0x0000000800000000)
  region size 2048K, 0 young (0K), 0 survivors (0K)

[error occurred during error reporting (printing heap information), id 0xc0000005, EXCEPTION_ACCESS_VIOLATION (0xc0000005) at pc=0x00007ff9eb688d89]

GC Heap History (0 events):
No events

Deoptimization events (0 events):
No events

Classes unloaded (0 events):
No events

Classes redefined (0 events):
No events

Internal exceptions (0 events):
No events

VM Operations (0 events):
No events

Events (1 events):
Event: 0.006 Loaded shared library C:\Users\adiio\.jdks\openjdk-17.0.1\bin\java.dll


Dynamic libraries:
0x00007ff72e6a0000 - 0x00007ff72e6ae000 	C:\Users\adiio\.jdks\openjdk-17.0.1\bin\java.exe
0x00007ffa23d70000 - 0x00007ffa23f65000 	C:\Windows\SYSTEM32\ntdll.dll
0x00007ffa23b60000 - 0x00007ffa23c1e000 	C:\Windows\System32\KERNEL32.DLL
0x00007ffa21850000 - 0x00007ffa21b19000 	C:\Windows\System32\KERNELBASE.dll
0x00007ffa21b50000 - 0x00007ffa21c50000 	C:\Windows\System32\ucrtbase.dll
0x00007ffa199c0000 - 0x00007ffa199d8000 	C:\Users\adiio\.jdks\openjdk-17.0.1\bin\jli.dll
0x00007ffa199a0000 - 0x00007ffa199ba000 	C:\Users\adiio\.jdks\openjdk-17.0.1\bin\VCRUNTIME140.dll
0x00007ffa22c20000 - 0x00007ffa22dc1000 	C:\Windows\System32\USER32.dll
0x00007ffa21b20000 - 0x00007ffa21b42000 	C:\Windows\System32\win32u.dll
0x00007ffa10710000 - 0x00007ffa109aa000 	C:\Windows\WinSxS\amd64_microsoft.windows.common-controls_6595b64144ccf1df_6.0.19041.1110_none_60b5254171f9507e\COMCTL32.dll
0x00007ffa23450000 - 0x00007ffa2347b000 	C:\Windows\System32\GDI32.dll
0x00007ffa22dd0000 - 0x00007ffa22e6e000 	C:\Windows\System32\msvcrt.dll
0x00007ffa21740000 - 0x00007ffa2184b000 	C:\Windows\System32\gdi32full.dll
0x00007ffa216a0000 - 0x00007ffa2173d000 	C:\Windows\System32\msvcp_win.dll
0x00007ffa229b0000 - 0x00007ffa229e0000 	C:\Windows\System32\IMM32.DLL
0x00007ffa1ed30000 - 0x00007ffa1ed3c000 	C:\Users\adiio\.jdks\openjdk-17.0.1\bin\vcruntime140_1.dll
0x00007ffa03b80000 - 0x00007ffa03c0d000 	C:\Users\adiio\.jdks\openjdk-17.0.1\bin\msvcp140.dll
0x00007ff9eafc0000 - 0x00007ff9ebb7e000 	C:\Users\adiio\.jdks\openjdk-17.0.1\bin\server\jvm.dll
0x00007ffa229e0000 - 0x00007ffa22a8c000 	C:\Windows\System32\ADVAPI32.dll
0x00007ffa22760000 - 0x00007ffa227fb000 	C:\Windows\System32\sechost.dll
0x00007ffa22a90000 - 0x00007ffa22bba000 	C:\Windows\System32\RPCRT4.dll
0x00007ffa23c20000 - 0x00007ffa23c28000 	C:\Windows\System32\PSAPI.DLL
0x00007ffa097c0000 - 0x00007ffa097c9000 	C:\Windows\SYSTEM32\WSOCK32.dll
0x00007ffa1b6e0000 - 0x00007ffa1b6ea000 	C:\Windows\SYSTEM32\VERSION.dll
0x00007ffa154a0000 - 0x00007ffa154c7000 	C:\Windows\SYSTEM32\WINMM.dll
0x00007ffa23480000 - 0x00007ffa234eb000 	C:\Windows\System32\WS2_32.dll
0x00007ffa1f2d0000 - 0x00007ffa1f2e2000 	C:\Windows\SYSTEM32\kernel.appcore.dll
0x00007ffa1d180000 - 0x00007ffa1d18a000 	C:\Users\adiio\.jdks\openjdk-17.0.1\bin\jimage.dll
0x00007ffa121d0000 - 0x00007ffa123b4000 	C:\Windows\SYSTEM32\DBGHELP.DLL
0x00007ffa0a7b0000 - 0x00007ffa0a7dc000 	C:\Windows\SYSTEM32\dbgcore.DLL
0x00007ffa21d30000 - 0x00007ffa21db3000 	C:\Windows\System32\bcryptPrimitives.dll
0x00007ffa151a0000 - 0x00007ffa151c5000 	C:\Users\adiio\.jdks\openjdk-17.0.1\bin\java.dll

dbghelp: loaded successfully - version: 4.0.5 - missing functions: none
symbol engine: initialized successfully - sym options: 0x614 - pdb path: .;C:\Users\adiio\.jdks\openjdk-17.0.1\bin;C:\Windows\SYSTEM32;C:\Windows\WinSxS\amd64_microsoft.windows.common-controls_6595b64144ccf1df_6.0.19041.1110_none_60b5254171f9507e;C:\Users\adiio\.jdks\openjdk-17.0.1\bin\server

VM Arguments:
java_command: org.jetbrains.kotlin.cli.jvm.K2JVMCompiler @C:\Users\adiio\AndroidStudioProjects\FirstTest\app\build\20211110_7145993218406163857.compiler.options
java_class_path (initial): C:\Users\adiio\.gradle\caches\modules-2\files-2.1\org.jetbrains.kotlin\kotlin-compiler-embeddable\1.5.31\cc18c29253541dc57c25c3ef514d63c7953ae1a6\kotlin-compiler-embeddable-1.5.31.jar;C:\Users\adiio\.gradle\caches\modules-2\files-2.1\org.jetbrains.kotlin\kotlin-reflect\1.5.31\1523fcd842a47da0820cea772b19c51056fec8a9\kotlin-reflect-1.5.31.jar;C:\Users\adiio\.gradle\caches\modules-2\files-2.1\org.jetbrains.kotlin\kotlin-stdlib\1.5.31\6628d61d0f5603568e72d2d5915d2c034b4f1c55\kotlin-stdlib-1.5.31.jar;C:\Users\adiio\.gradle\caches\modules-2\files-2.1\org.jetbrains.kotlin\kotlin-script-runtime\1.5.31\aaea854be2cfc06373dfc11be5a6ba9ca5ca84a6\kotlin-script-runtime-1.5.31.jar;C:\Users\adiio\.gradle\caches\modules-2\files-2.1\org.jetbrains.kotlin\kotlin-daemon-embeddable\1.5.31\d19b549661e28c62781683dc7c7e34bf416974f1\kotlin-daemon-embeddable-1.5.31.jar;C:\Users\adiio\.gradle\caches\modules-2\files-2.1\org.jetbrains.intellij.deps\trove4j\1.0.20181211\216c2e14b070f334479d800987affe4054cd563f\trove4j-1.0.20181211.jar;C:\Users\adiio\.gradle\caches\modules-2\files-2.1\org.jetbrains\annotations\13.0\919f0dfe192fb4e063e7dacadee7f8bb9a2672a9\annotations-13.0.jar;C:\Users\adiio\.gradle\caches\modules-2\files-2.1\org.jetbrains.kotlin\kotlin-stdlib-common\1.5.31\43331609c7de811fed085e0dfd150874b157c32\kotlin-stdlib-common-1.5.31.jar
Launcher Type: SUN_STANDARD

[Global flags]
     intx CICompilerCount                          = 4                                         {product} {ergonomic}
     uint ConcGCThreads                            = 3                                         {product} {ergonomic}
     uint G1ConcRefinementThreads                  = 10                                        {product} {ergonomic}
   size_t G1HeapRegionSize                         = 2097152                                   {product} {ergonomic}
    uintx GCDrainStackTargetSize                   = 64                                        {product} {ergonomic}
   size_t InitialHeapSize                          = 268435456                                 {product} {ergonomic}
   size_t MarkStackSize                            = 4194304                                   {product} {ergonomic}
   size_t MaxHeapSize                              = 4282384384                                {product} {ergonomic}
   size_t MinHeapDeltaBytes                        = 2097152                                   {product} {ergonomic}
   size_t MinHeapSize                              = 8388608                                   {product} {ergonomic}
    uintx NonNMethodCodeHeapSize                   = 5839372                                {pd product} {ergonomic}
    uintx NonProfiledCodeHeapSize                  = 122909434                              {pd product} {ergonomic}
    uintx ProfiledCodeHeapSize                     = 122909434                              {pd product} {ergonomic}
    uintx ReservedCodeCacheSize                    = 251658240                              {pd product} {ergonomic}
     bool SegmentedCodeCache                       = true                                      {product} {ergonomic}
   size_t SoftMaxHeapSize                          = 4282384384                             {manageable} {ergonomic}
     bool UseCompressedClassPointers               = true                           {product lp64_product} {ergonomic}
     bool UseCompressedOops                        = true                           {product lp64_product} {ergonomic}
     bool UseG1GC                                  = true                                      {product} {ergonomic}
     bool UseLargePagesIndividualAllocation        = false                                  {pd product} {ergonomic}

Logging:
Log output configuration:
 #0: stdout all=warning uptime,level,tags
 #1: stderr all=off uptime,level,tags

Environment Variables:
PATH=C:\Program Files\Microsoft MPI\Bin\;C:\Program Files (x86)\Common Files\Oracle\Java\javapath;C:\ProgramData\Oracle\Java\javapath;C:\Windows\system32;C:\Windows;C:\Windows\System32\Wbem;C:\Windows\System32\WindowsPowerShell\v1.0\;C:\Windows\System32\OpenSSH\;C:\Program Files (x86)\Microsoft SQL Server\150\DTS\Binn\;C:\Program Files\Azure Data Studio\bin;C:\Program Files\NVIDIA Corporation\NVIDIA NvDLISR;C:\Program Files (x86)\NVIDIA Corporation\PhysX\Common;D:\Git\cmd;C:\Users\adiio\AppData\Local\Microsoft\WindowsApps;C:\Program Files\Azure Data Studio\bin;C:\Users\adiio\AppData\Local\GitHubDesktop\bin;D:\flutter\bin;;D:\Microsoft VS Code\bin
USERNAME=adiio
OS=Windows_NT
PROCESSOR_IDENTIFIER=AMD64 Family 23 Model 8 Stepping 2, AuthenticAMD



---------------  S Y S T E M  ---------------

OS:
 Windows 10 , 64 bit Build 19041 (10.0.19041.1202)
OS uptime: 3 days 22:31 hours

CPU: total 12 (initial active 12) (12 cores per cpu, 2 threads per core) family 23 model 8 stepping 2 microcode 0x0, cx8, cmov, fxsr, ht, mmx, 3dnowpref, sse, sse2, sse3, ssse3, sse4a, sse4.1, sse4.2, popcnt, lzcnt, tsc, tscinvbit, avx, avx2, aes, clmul, bmi1, bmi2, adx, sha, fma, vzeroupper, clflush, clflushopt

Memory: 4k page, system-wide physical 16332M (1615M free)
TotalPageFile size 30563M (AvailPageFile size 98M)
current process WorkingSet (physical memory assigned to process): 10M, peak: 10M
current process commit charge ("private bytes"): 64M, peak: 320M

vm_info: OpenJDK 64-Bit Server VM (17.0.1+12-39) for windows-amd64 JRE (17.0.1+12-39), built on Sep 27 2021 18:39:29 by "mach5one" with MS VC++ 16.8 (VS2019)

END.
